[2018-11-13 18:56:03.280] [jointLog] [info] Fragment incompatibility prior below threshold.  Incompatible fragments will be ignored.
[2018-11-13 18:56:03.280] [jointLog] [info] parsing read library format
[2018-11-13 18:56:03.280] [jointLog] [info] There is 1 library.
[2018-11-13 18:56:03.328] [jointLog] [info] Loading Quasi index
[2018-11-13 18:56:03.328] [jointLog] [info] Loading 32-bit quasi index
[2018-11-13 18:56:04.169] [jointLog] [info] done
[2018-11-13 18:56:04.169] [jointLog] [info] Index contained 14046 targets
[2018-11-13 18:56:04.786] [jointLog] [info] Automatically detected most likely library type as ISR
[2018-11-13 19:00:11.838] [jointLog] [info] Thread saw mini-batch with a maximum of 1.24% zero probability fragments
[2018-11-13 19:00:11.852] [jointLog] [info] Thread saw mini-batch with a maximum of 1.22% zero probability fragments
[2018-11-13 19:00:11.859] [jointLog] [info] Thread saw mini-batch with a maximum of 1.16% zero probability fragments
[2018-11-13 19:00:11.885] [jointLog] [info] Thread saw mini-batch with a maximum of 1.22% zero probability fragments
[2018-11-13 19:00:11.886] [jointLog] [info] Thread saw mini-batch with a maximum of 1.20% zero probability fragments
[2018-11-13 19:00:11.921] [jointLog] [info] Thread saw mini-batch with a maximum of 1.22% zero probability fragments
[2018-11-13 19:00:11.927] [jointLog] [info] Thread saw mini-batch with a maximum of 1.24% zero probability fragments
[2018-11-13 19:00:11.931] [jointLog] [info] Thread saw mini-batch with a maximum of 1.18% zero probability fragments
[2018-11-13 19:00:11.945] [jointLog] [info] Thread saw mini-batch with a maximum of 1.22% zero probability fragments
[2018-11-13 19:00:11.952] [jointLog] [info] Thread saw mini-batch with a maximum of 1.26% zero probability fragments
[2018-11-13 19:00:11.993] [jointLog] [info] Computed 13843 rich equivalence classes for further processing
[2018-11-13 19:00:11.993] [jointLog] [info] Counted 43383825 total reads in the equivalence classes 
[2018-11-13 19:00:11.994] [jointLog] [warning] 0.00198978% of fragments were shorter than the k used to build the index (31).
If this fraction is too large, consider re-building the index with a smaller k.
The minimum read size found was 20.


[2018-11-13 19:00:11.994] [jointLog] [info] Mapping rate = 67.4936%

[2018-11-13 19:00:11.994] [jointLog] [info] finished quantifyLibrary()
[2018-11-13 19:00:11.994] [jointLog] [info] Starting optimizer
[2018-11-13 19:00:11.998] [jointLog] [info] Marked 0 weighted equivalence classes as degenerate
[2018-11-13 19:00:11.998] [jointLog] [info] iteration = 0 | max rel diff. = 4.03845
[2018-11-13 19:00:11.993] [fileLog] [info] 
At end of round 0
==================
Observed 64278389 total fragments (64278389 in most recent round)

[2018-11-13 19:00:12.020] [jointLog] [info] iteration = 100 | max rel diff. = 0.0715782
[2018-11-13 19:00:12.037] [jointLog] [info] iteration = 200 | max rel diff. = 0.0342104
[2018-11-13 19:00:12.053] [jointLog] [info] iteration = 300 | max rel diff. = 0.0294199
[2018-11-13 19:00:12.069] [jointLog] [info] iteration = 400 | max rel diff. = 0.0168567
[2018-11-13 19:00:12.086] [jointLog] [info] iteration = 500 | max rel diff. = 0.0168652
[2018-11-13 19:00:12.102] [jointLog] [info] iteration = 600 | max rel diff. = 0.0138602
[2018-11-13 19:00:12.119] [jointLog] [info] iteration = 700 | max rel diff. = 0.0138602
[2018-11-13 19:00:12.136] [jointLog] [info] iteration = 800 | max rel diff. = 0.0138602
[2018-11-13 19:00:12.139] [jointLog] [info] iteration = 821 | max rel diff. = 0.00697824
[2018-11-13 19:00:12.139] [jointLog] [info] Finished optimizer
[2018-11-13 19:00:12.139] [jointLog] [info] writing output 

